<?xml version="1.0" encoding="UTF-8"?>
<testsuite xmlns:xsi="http://www.w3.org/2001/XMLSchema-instance" xsi:noNamespaceSchemaLocation="https://maven.apache.org/surefire/maven-surefire-plugin/xsd/surefire-test-report-3.0.xsd" version="3.0" name="org.example.MainTest" time="4.94" tests="4" errors="0" skipped="0" failures="4">
  <properties>
[...]
</properties>
  <testcase name="continueReplenishmentButtonTest" classname="org.example.MainTest" time="2.056">
    <failure message="Multiple Failures (2 failures)&#10;	org.openqa.selenium.SessionNotCreatedException: Could not start a new session. Response code 500. Message: session not created: This version of ChromeDriver only supports Chrome version 127&#10;Current browser version is 131.0.6778.70 with binary path C:\Program Files\Google\Chrome\Application\chrome.exe &#10;Host info: host: &apos;KOMPUTER&apos;, ip: &apos;192.168.221.8&apos;&#10;Build info: version: &apos;4.26.0&apos;, revision: &apos;8ccf0219d7&apos;&#10;System info: os.name: &apos;Windows 10&apos;, os.arch: &apos;amd64&apos;, os.version: &apos;10.0&apos;, java.version: &apos;22.0.1&apos;&#10;Driver info: org.openqa.selenium.chrome.ChromeDriver&#10;Command: [null, newSession {capabilities=[Capabilities {browserName: chrome, goog:chromeOptions: {args: [], extensions: []}}]}]&#10;	java.lang.NullPointerException: Cannot invoke &quot;org.openqa.selenium.WebDriver.quit()&quot; because &quot;org.example.MainTest.driver&quot; is null" type="org.opentest4j.MultipleFailuresError"><![CDATA[org.opentest4j.MultipleFailuresError: 
Multiple Failures (2 failures)
	org.openqa.selenium.SessionNotCreatedException: Could not start a new session. Response code 500. Message: session not created: This version of ChromeDriver only supports Chrome version 127
Current browser version is 131.0.6778.70 with binary path C:\Program Files\Google\Chrome\Application\chrome.exe 
Host info: host: 'KOMPUTER', ip: '192.168.221.8'
Build info: version: '4.26.0', revision: '8ccf0219d7'
System info: os.name: 'Windows 10', os.arch: 'amd64', os.version: '10.0', java.version: '22.0.1'
Driver info: org.openqa.selenium.chrome.ChromeDriver
Command: [null, newSession {capabilities=[Capabilities {browserName: chrome, goog:chromeOptions: {args: [], extensions: []}}]}]
	java.lang.NullPointerException: Cannot invoke "org.openqa.selenium.WebDriver.quit()" because "org.example.MainTest.driver" is null
	Suppressed: org.openqa.selenium.SessionNotCreatedException: Could not start a new session. Response code 500. Message: session not created: This version of ChromeDriver only supports Chrome version 127
Current browser version is 131.0.6778.70 with binary path C:\Program Files\Google\Chrome\Application\chrome.exe 
Host info: host: 'KOMPUTER', ip: '192.168.221.8'
Build info: version: '4.26.0', revision: '8ccf0219d7'
System info: os.name: 'Windows 10', os.arch: 'amd64', os.version: '10.0', java.version: '22.0.1'
Driver info: org.openqa.selenium.chrome.ChromeDriver
Command: [null, newSession {capabilities=[Capabilities {browserName: chrome, goog:chromeOptions: {args: [], extensions: []}}]}]
		at org.openqa.selenium.remote.ProtocolHandshake.createSession(ProtocolHandshake.java:114)
		at org.openqa.selenium.remote.ProtocolHandshake.createSession(ProtocolHandshake.java:75)
		at org.openqa.selenium.remote.ProtocolHandshake.createSession(ProtocolHandshake.java:61)
		at org.openqa.selenium.remote.HttpCommandExecutor.execute(HttpCommandExecutor.java:162)
		at org.openqa.selenium.remote.service.DriverCommandExecutor.invokeExecute(DriverCommandExecutor.java:216)
		at org.openqa.selenium.remote.service.DriverCommandExecutor.execute(DriverCommandExecutor.java:174)
		at org.openqa.selenium.remote.RemoteWebDriver.execute(RemoteWebDriver.java:545)
		at org.openqa.selenium.remote.RemoteWebDriver.startSession(RemoteWebDriver.java:245)
		at org.openqa.selenium.remote.RemoteWebDriver.<init>(RemoteWebDriver.java:174)
		at org.openqa.selenium.chromium.ChromiumDriver.<init>(ChromiumDriver.java:114)
		at org.openqa.selenium.chrome.ChromeDriver.<init>(ChromeDriver.java:88)
		at org.openqa.selenium.chrome.ChromeDriver.<init>(ChromeDriver.java:83)
		at org.openqa.selenium.chrome.ChromeDriver.<init>(ChromeDriver.java:51)
		at org.example.MainTest.setUp(MainTest.java:17)
		at java.base/java.lang.reflect.Method.invoke(Method.java:580)
	Suppressed: java.lang.NullPointerException: Cannot invoke "org.openqa.selenium.WebDriver.quit()" because "org.example.MainTest.driver" is null
		at org.example.MainTest.tearDown(MainTest.java:57)
		at java.base/java.lang.reflect.Method.invoke(Method.java:580)
]]></failure>
  </testcase>
  <testcase name="learnMoreLinkTest" classname="org.example.MainTest" time="1.083">
    <failure message="Multiple Failures (2 failures)&#10;	org.openqa.selenium.SessionNotCreatedException: Could not start a new session. Response code 500. Message: session not created: This version of ChromeDriver only supports Chrome version 127&#10;Current browser version is 131.0.6778.70 with binary path C:\Program Files\Google\Chrome\Application\chrome.exe &#10;Host info: host: &apos;KOMPUTER&apos;, ip: &apos;192.168.221.8&apos;&#10;Build info: version: &apos;4.26.0&apos;, revision: &apos;8ccf0219d7&apos;&#10;System info: os.name: &apos;Windows 10&apos;, os.arch: &apos;amd64&apos;, os.version: &apos;10.0&apos;, java.version: &apos;22.0.1&apos;&#10;Driver info: org.openqa.selenium.chrome.ChromeDriver&#10;Command: [null, newSession {capabilities=[Capabilities {browserName: chrome, goog:chromeOptions: {args: [], extensions: []}}]}]&#10;	java.lang.NullPointerException: Cannot invoke &quot;org.openqa.selenium.WebDriver.quit()&quot; because &quot;org.example.MainTest.driver&quot; is null" type="org.opentest4j.MultipleFailuresError"><![CDATA[org.opentest4j.MultipleFailuresError: 
Multiple Failures (2 failures)
	org.openqa.selenium.SessionNotCreatedException: Could not start a new session. Response code 500. Message: session not created: This version of ChromeDriver only supports Chrome version 127
Current browser version is 131.0.6778.70 with binary path C:\Program Files\Google\Chrome\Application\chrome.exe 
Host info: host: 'KOMPUTER', ip: '192.168.221.8'
Build info: version: '4.26.0', revision: '8ccf0219d7'
System info: os.name: 'Windows 10', os.arch: 'amd64', os.version: '10.0', java.version: '22.0.1'
Driver info: org.openqa.selenium.chrome.ChromeDriver
Command: [null, newSession {capabilities=[Capabilities {browserName: chrome, goog:chromeOptions: {args: [], extensions: []}}]}]
	java.lang.NullPointerException: Cannot invoke "org.openqa.selenium.WebDriver.quit()" because "org.example.MainTest.driver" is null
	Suppressed: org.openqa.selenium.SessionNotCreatedException: Could not start a new session. Response code 500. Message: session not created: This version of ChromeDriver only supports Chrome version 127
Current browser version is 131.0.6778.70 with binary path C:\Program Files\Google\Chrome\Application\chrome.exe 
Host info: host: 'KOMPUTER', ip: '192.168.221.8'
Build info: version: '4.26.0', revision: '8ccf0219d7'
System info: os.name: 'Windows 10', os.arch: 'amd64', os.version: '10.0', java.version: '22.0.1'
Driver info: org.openqa.selenium.chrome.ChromeDriver
Command: [null, newSession {capabilities=[Capabilities {browserName: chrome, goog:chromeOptions: {args: [], extensions: []}}]}]
		at org.openqa.selenium.remote.ProtocolHandshake.createSession(ProtocolHandshake.java:114)
		at org.openqa.selenium.remote.ProtocolHandshake.createSession(ProtocolHandshake.java:75)
		at org.openqa.selenium.remote.ProtocolHandshake.createSession(ProtocolHandshake.java:61)
		at org.openqa.selenium.remote.HttpCommandExecutor.execute(HttpCommandExecutor.java:162)
		at org.openqa.selenium.remote.service.DriverCommandExecutor.invokeExecute(DriverCommandExecutor.java:216)
		at org.openqa.selenium.remote.service.DriverCommandExecutor.execute(DriverCommandExecutor.java:174)
		at org.openqa.selenium.remote.RemoteWebDriver.execute(RemoteWebDriver.java:545)
		at org.openqa.selenium.remote.RemoteWebDriver.startSession(RemoteWebDriver.java:245)
		at org.openqa.selenium.remote.RemoteWebDriver.<init>(RemoteWebDriver.java:174)
		at org.openqa.selenium.chromium.ChromiumDriver.<init>(ChromiumDriver.java:114)
		at org.openqa.selenium.chrome.ChromeDriver.<init>(ChromeDriver.java:88)
		at org.openqa.selenium.chrome.ChromeDriver.<init>(ChromeDriver.java:83)
		at org.openqa.selenium.chrome.ChromeDriver.<init>(ChromeDriver.java:51)
		at org.example.MainTest.setUp(MainTest.java:17)
		at java.base/java.lang.reflect.Method.invoke(Method.java:580)
	Suppressed: java.lang.NullPointerException: Cannot invoke "org.openqa.selenium.WebDriver.quit()" because "org.example.MainTest.driver" is null
		at org.example.MainTest.tearDown(MainTest.java:57)
		at java.base/java.lang.reflect.Method.invoke(Method.java:580)
]]></failure>
  </testcase>
  <testcase name="paySectionImagesTest" classname="org.example.MainTest" time="0.908">
    <failure message="Multiple Failures (2 failures)&#10;	org.openqa.selenium.SessionNotCreatedException: Could not start a new session. Response code 500. Message: session not created: This version of ChromeDriver only supports Chrome version 127&#10;Current browser version is 131.0.6778.70 with binary path C:\Program Files\Google\Chrome\Application\chrome.exe &#10;Host info: host: &apos;KOMPUTER&apos;, ip: &apos;192.168.221.8&apos;&#10;Build info: version: &apos;4.26.0&apos;, revision: &apos;8ccf0219d7&apos;&#10;System info: os.name: &apos;Windows 10&apos;, os.arch: &apos;amd64&apos;, os.version: &apos;10.0&apos;, java.version: &apos;22.0.1&apos;&#10;Driver info: org.openqa.selenium.chrome.ChromeDriver&#10;Command: [null, newSession {capabilities=[Capabilities {browserName: chrome, goog:chromeOptions: {args: [], extensions: []}}]}]&#10;	java.lang.NullPointerException: Cannot invoke &quot;org.openqa.selenium.WebDriver.quit()&quot; because &quot;org.example.MainTest.driver&quot; is null" type="org.opentest4j.MultipleFailuresError"><![CDATA[org.opentest4j.MultipleFailuresError: 
Multiple Failures (2 failures)
	org.openqa.selenium.SessionNotCreatedException: Could not start a new session. Response code 500. Message: session not created: This version of ChromeDriver only supports Chrome version 127
Current browser version is 131.0.6778.70 with binary path C:\Program Files\Google\Chrome\Application\chrome.exe 
Host info: host: 'KOMPUTER', ip: '192.168.221.8'
Build info: version: '4.26.0', revision: '8ccf0219d7'
System info: os.name: 'Windows 10', os.arch: 'amd64', os.version: '10.0', java.version: '22.0.1'
Driver info: org.openqa.selenium.chrome.ChromeDriver
Command: [null, newSession {capabilities=[Capabilities {browserName: chrome, goog:chromeOptions: {args: [], extensions: []}}]}]
	java.lang.NullPointerException: Cannot invoke "org.openqa.selenium.WebDriver.quit()" because "org.example.MainTest.driver" is null
	Suppressed: org.openqa.selenium.SessionNotCreatedException: Could not start a new session. Response code 500. Message: session not created: This version of ChromeDriver only supports Chrome version 127
Current browser version is 131.0.6778.70 with binary path C:\Program Files\Google\Chrome\Application\chrome.exe 
Host info: host: 'KOMPUTER', ip: '192.168.221.8'
Build info: version: '4.26.0', revision: '8ccf0219d7'
System info: os.name: 'Windows 10', os.arch: 'amd64', os.version: '10.0', java.version: '22.0.1'
Driver info: org.openqa.selenium.chrome.ChromeDriver
Command: [null, newSession {capabilities=[Capabilities {browserName: chrome, goog:chromeOptions: {args: [], extensions: []}}]}]
		at org.openqa.selenium.remote.ProtocolHandshake.createSession(ProtocolHandshake.java:114)
		at org.openqa.selenium.remote.ProtocolHandshake.createSession(ProtocolHandshake.java:75)
		at org.openqa.selenium.remote.ProtocolHandshake.createSession(ProtocolHandshake.java:61)
		at org.openqa.selenium.remote.HttpCommandExecutor.execute(HttpCommandExecutor.java:162)
		at org.openqa.selenium.remote.service.DriverCommandExecutor.invokeExecute(DriverCommandExecutor.java:216)
		at org.openqa.selenium.remote.service.DriverCommandExecutor.execute(DriverCommandExecutor.java:174)
		at org.openqa.selenium.remote.RemoteWebDriver.execute(RemoteWebDriver.java:545)
		at org.openqa.selenium.remote.RemoteWebDriver.startSession(RemoteWebDriver.java:245)
		at org.openqa.selenium.remote.RemoteWebDriver.<init>(RemoteWebDriver.java:174)
		at org.openqa.selenium.chromium.ChromiumDriver.<init>(ChromiumDriver.java:114)
		at org.openqa.selenium.chrome.ChromeDriver.<init>(ChromeDriver.java:88)
		at org.openqa.selenium.chrome.ChromeDriver.<init>(ChromeDriver.java:83)
		at org.openqa.selenium.chrome.ChromeDriver.<init>(ChromeDriver.java:51)
		at org.example.MainTest.setUp(MainTest.java:17)
		at java.base/java.lang.reflect.Method.invoke(Method.java:580)
	Suppressed: java.lang.NullPointerException: Cannot invoke "org.openqa.selenium.WebDriver.quit()" because "org.example.MainTest.driver" is null
		at org.example.MainTest.tearDown(MainTest.java:57)
		at java.base/java.lang.reflect.Method.invoke(Method.java:580)
]]></failure>
  </testcase>
  <testcase name="paySectionTest" classname="org.example.MainTest" time="0.854">
    <failure message="Multiple Failures (2 failures)&#10;	org.openqa.selenium.SessionNotCreatedException: Could not start a new session. Response code 500. Message: session not created: This version of ChromeDriver only supports Chrome version 127&#10;Current browser version is 131.0.6778.70 with binary path C:\Program Files\Google\Chrome\Application\chrome.exe &#10;Host info: host: &apos;KOMPUTER&apos;, ip: &apos;192.168.221.8&apos;&#10;Build info: version: &apos;4.26.0&apos;, revision: &apos;8ccf0219d7&apos;&#10;System info: os.name: &apos;Windows 10&apos;, os.arch: &apos;amd64&apos;, os.version: &apos;10.0&apos;, java.version: &apos;22.0.1&apos;&#10;Driver info: org.openqa.selenium.chrome.ChromeDriver&#10;Command: [null, newSession {capabilities=[Capabilities {browserName: chrome, goog:chromeOptions: {args: [], extensions: []}}]}]&#10;	java.lang.NullPointerException: Cannot invoke &quot;org.openqa.selenium.WebDriver.quit()&quot; because &quot;org.example.MainTest.driver&quot; is null" type="org.opentest4j.MultipleFailuresError"><![CDATA[org.opentest4j.MultipleFailuresError: 
Multiple Failures (2 failures)
	org.openqa.selenium.SessionNotCreatedException: Could not start a new session. Response code 500. Message: session not created: This version of ChromeDriver only supports Chrome version 127
Current browser version is 131.0.6778.70 with binary path C:\Program Files\Google\Chrome\Application\chrome.exe 
Host info: host: 'KOMPUTER', ip: '192.168.221.8'
Build info: version: '4.26.0', revision: '8ccf0219d7'
System info: os.name: 'Windows 10', os.arch: 'amd64', os.version: '10.0', java.version: '22.0.1'
Driver info: org.openqa.selenium.chrome.ChromeDriver
Command: [null, newSession {capabilities=[Capabilities {browserName: chrome, goog:chromeOptions: {args: [], extensions: []}}]}]
	java.lang.NullPointerException: Cannot invoke "org.openqa.selenium.WebDriver.quit()" because "org.example.MainTest.driver" is null
	Suppressed: org.openqa.selenium.SessionNotCreatedException: Could not start a new session. Response code 500. Message: session not created: This version of ChromeDriver only supports Chrome version 127
Current browser version is 131.0.6778.70 with binary path C:\Program Files\Google\Chrome\Application\chrome.exe 
Host info: host: 'KOMPUTER', ip: '192.168.221.8'
Build info: version: '4.26.0', revision: '8ccf0219d7'
System info: os.name: 'Windows 10', os.arch: 'amd64', os.version: '10.0', java.version: '22.0.1'
Driver info: org.openqa.selenium.chrome.ChromeDriver
Command: [null, newSession {capabilities=[Capabilities {browserName: chrome, goog:chromeOptions: {args: [], extensions: []}}]}]
		at org.openqa.selenium.remote.ProtocolHandshake.createSession(ProtocolHandshake.java:114)
		at org.openqa.selenium.remote.ProtocolHandshake.createSession(ProtocolHandshake.java:75)
		at org.openqa.selenium.remote.ProtocolHandshake.createSession(ProtocolHandshake.java:61)
		at org.openqa.selenium.remote.HttpCommandExecutor.execute(HttpCommandExecutor.java:162)
		at org.openqa.selenium.remote.service.DriverCommandExecutor.invokeExecute(DriverCommandExecutor.java:216)
		at org.openqa.selenium.remote.service.DriverCommandExecutor.execute(DriverCommandExecutor.java:174)
		at org.openqa.selenium.remote.RemoteWebDriver.execute(RemoteWebDriver.java:545)
		at org.openqa.selenium.remote.RemoteWebDriver.startSession(RemoteWebDriver.java:245)
		at org.openqa.selenium.remote.RemoteWebDriver.<init>(RemoteWebDriver.java:174)
		at org.openqa.selenium.chromium.ChromiumDriver.<init>(ChromiumDriver.java:114)
		at org.openqa.selenium.chrome.ChromeDriver.<init>(ChromeDriver.java:88)
		at org.openqa.selenium.chrome.ChromeDriver.<init>(ChromeDriver.java:83)
		at org.openqa.selenium.chrome.ChromeDriver.<init>(ChromeDriver.java:51)
		at org.example.MainTest.setUp(MainTest.java:17)
		at java.base/java.lang.reflect.Method.invoke(Method.java:580)
	Suppressed: java.lang.NullPointerException: Cannot invoke "org.openqa.selenium.WebDriver.quit()" because "org.example.MainTest.driver" is null
		at org.example.MainTest.tearDown(MainTest.java:57)
		at java.base/java.lang.reflect.Method.invoke(Method.java:580)
]]></failure>
  </testcase>
</testsuite>